2024-10-20 22:27:51,454 DEBUG STREAM b'IHDR' 16 13
2024-10-20 22:27:51,454 DEBUG STREAM b'tEXt' 41 57
2024-10-20 22:27:51,454 DEBUG STREAM b'pHYs' 110 9
2024-10-20 22:27:51,454 DEBUG STREAM b'IDAT' 131 65536
2024-10-20 22:27:51,466 DEBUG STREAM b'IHDR' 16 13
2024-10-20 22:27:51,467 DEBUG STREAM b'tEXt' 41 57
2024-10-20 22:27:51,467 DEBUG STREAM b'pHYs' 110 9
2024-10-20 22:27:51,467 DEBUG STREAM b'IDAT' 131 65536
2024-10-20 22:27:51,477 DEBUG STREAM b'IHDR' 16 13
2024-10-20 22:27:51,477 DEBUG STREAM b'tEXt' 41 57
2024-10-20 22:27:51,477 DEBUG STREAM b'pHYs' 110 9
2024-10-20 22:27:51,477 DEBUG STREAM b'IDAT' 131 65536
2024-10-20 22:27:51,486 DEBUG STREAM b'IHDR' 16 13
2024-10-20 22:27:51,486 DEBUG STREAM b'tEXt' 41 57
2024-10-20 22:27:51,486 DEBUG STREAM b'pHYs' 110 9
2024-10-20 22:27:51,486 DEBUG STREAM b'IDAT' 131 65536
2024-10-20 22:27:51,495 DEBUG STREAM b'IHDR' 16 13
2024-10-20 22:27:51,495 DEBUG STREAM b'tEXt' 41 57
2024-10-20 22:27:51,495 DEBUG STREAM b'pHYs' 110 9
2024-10-20 22:27:51,495 DEBUG STREAM b'IDAT' 131 65536
2024-10-20 22:27:51,504 DEBUG STREAM b'IHDR' 16 13
2024-10-20 22:27:51,504 DEBUG STREAM b'tEXt' 41 57
2024-10-20 22:27:51,504 DEBUG STREAM b'pHYs' 110 9
2024-10-20 22:27:51,504 DEBUG STREAM b'IDAT' 131 65536
2024-10-20 22:27:51,513 DEBUG STREAM b'IHDR' 16 13
2024-10-20 22:27:51,513 DEBUG STREAM b'tEXt' 41 57
2024-10-20 22:27:51,513 DEBUG STREAM b'pHYs' 110 9
2024-10-20 22:27:51,514 DEBUG STREAM b'IDAT' 131 65536
2024-10-20 22:27:51,523 DEBUG STREAM b'IHDR' 16 13
2024-10-20 22:27:51,523 DEBUG STREAM b'tEXt' 41 57
2024-10-20 22:27:51,523 DEBUG STREAM b'pHYs' 110 9
2024-10-20 22:27:51,523 DEBUG STREAM b'IDAT' 131 65536
2024-10-20 22:27:51,533 DEBUG STREAM b'IHDR' 16 13
2024-10-20 22:27:51,533 DEBUG STREAM b'tEXt' 41 57
2024-10-20 22:27:51,533 DEBUG STREAM b'pHYs' 110 9
2024-10-20 22:27:51,533 DEBUG STREAM b'IDAT' 131 65536
2024-10-20 22:27:51,542 DEBUG STREAM b'IHDR' 16 13
2024-10-20 22:27:51,542 DEBUG STREAM b'tEXt' 41 57
2024-10-20 22:27:51,542 DEBUG STREAM b'pHYs' 110 9
2024-10-20 22:27:51,542 DEBUG STREAM b'IDAT' 131 65536
2024-10-20 22:27:51,553 DEBUG STREAM b'IHDR' 16 13
2024-10-20 22:27:51,553 DEBUG STREAM b'tEXt' 41 57
2024-10-20 22:27:51,553 DEBUG STREAM b'pHYs' 110 9
2024-10-20 22:27:51,553 DEBUG STREAM b'IDAT' 131 65536
2024-10-20 22:27:51,562 DEBUG STREAM b'IHDR' 16 13
2024-10-20 22:27:51,562 DEBUG STREAM b'tEXt' 41 57
2024-10-20 22:27:51,562 DEBUG STREAM b'pHYs' 110 9
2024-10-20 22:27:51,562 DEBUG STREAM b'IDAT' 131 65536
2024-10-20 22:27:51,572 DEBUG STREAM b'IHDR' 16 13
2024-10-20 22:27:51,572 DEBUG STREAM b'tEXt' 41 57
2024-10-20 22:27:51,572 DEBUG STREAM b'pHYs' 110 9
2024-10-20 22:27:51,572 DEBUG STREAM b'IDAT' 131 65536
2024-10-20 22:27:51,581 DEBUG STREAM b'IHDR' 16 13
2024-10-20 22:27:51,581 DEBUG STREAM b'tEXt' 41 57
2024-10-20 22:27:51,581 DEBUG STREAM b'pHYs' 110 9
2024-10-20 22:27:51,581 DEBUG STREAM b'IDAT' 131 61049
2024-10-20 22:27:51,589 DEBUG STREAM b'IHDR' 16 13
2024-10-20 22:27:51,589 DEBUG STREAM b'tEXt' 41 57
2024-10-20 22:27:51,589 DEBUG STREAM b'pHYs' 110 9
2024-10-20 22:27:51,590 DEBUG STREAM b'IDAT' 131 56185
2024-10-20 22:27:51,598 DEBUG STREAM b'IHDR' 16 13
2024-10-20 22:27:51,598 DEBUG STREAM b'tEXt' 41 57
2024-10-20 22:27:51,598 DEBUG STREAM b'pHYs' 110 9
2024-10-20 22:27:51,598 DEBUG STREAM b'IDAT' 131 65536
2024-10-20 22:27:51,609 DEBUG STREAM b'IHDR' 16 13
2024-10-20 22:27:51,609 DEBUG STREAM b'tEXt' 41 57
2024-10-20 22:27:51,609 DEBUG STREAM b'pHYs' 110 9
2024-10-20 22:27:51,609 DEBUG STREAM b'IDAT' 131 65536
2024-10-20 22:27:51,619 DEBUG STREAM b'IHDR' 16 13
2024-10-20 22:27:51,619 DEBUG STREAM b'tEXt' 41 57
2024-10-20 22:27:51,619 DEBUG STREAM b'pHYs' 110 9
2024-10-20 22:27:51,619 DEBUG STREAM b'IDAT' 131 65536
2024-10-20 22:27:51,630 DEBUG STREAM b'IHDR' 16 13
2024-10-20 22:27:51,630 DEBUG STREAM b'tEXt' 41 57
2024-10-20 22:27:51,630 DEBUG STREAM b'pHYs' 110 9
2024-10-20 22:27:51,630 DEBUG STREAM b'IDAT' 131 65536
2024-10-20 22:27:51,639 DEBUG STREAM b'IHDR' 16 13
2024-10-20 22:27:51,639 DEBUG STREAM b'tEXt' 41 57
2024-10-20 22:27:51,639 DEBUG STREAM b'pHYs' 110 9
2024-10-20 22:27:51,639 DEBUG STREAM b'IDAT' 131 65536
2024-10-20 22:27:51,648 DEBUG STREAM b'IHDR' 16 13
2024-10-20 22:27:51,649 DEBUG STREAM b'tEXt' 41 57
2024-10-20 22:27:51,649 DEBUG STREAM b'pHYs' 110 9
2024-10-20 22:27:51,649 DEBUG STREAM b'IDAT' 131 65536
2024-10-20 22:27:51,658 DEBUG STREAM b'IHDR' 16 13
2024-10-20 22:27:51,658 DEBUG STREAM b'tEXt' 41 57
2024-10-20 22:27:51,658 DEBUG STREAM b'pHYs' 110 9
2024-10-20 22:27:51,658 DEBUG STREAM b'IDAT' 131 65536
2024-10-20 22:27:51,667 DEBUG STREAM b'IHDR' 16 13
2024-10-20 22:27:51,667 DEBUG STREAM b'tEXt' 41 57
2024-10-20 22:27:51,667 DEBUG STREAM b'pHYs' 110 9
2024-10-20 22:27:51,667 DEBUG STREAM b'IDAT' 131 65536
2024-10-20 22:27:51,676 DEBUG STREAM b'IHDR' 16 13
2024-10-20 22:27:51,676 DEBUG STREAM b'tEXt' 41 57
2024-10-20 22:27:51,676 DEBUG STREAM b'pHYs' 110 9
2024-10-20 22:27:51,676 DEBUG STREAM b'IDAT' 131 65536
2024-10-20 22:27:51,685 DEBUG STREAM b'IHDR' 16 13
2024-10-20 22:27:51,685 DEBUG STREAM b'tEXt' 41 57
2024-10-20 22:27:51,685 DEBUG STREAM b'pHYs' 110 9
2024-10-20 22:27:51,685 DEBUG STREAM b'IDAT' 131 65536
2024-10-20 22:27:51,697 DEBUG STREAM b'IHDR' 16 13
2024-10-20 22:27:51,697 DEBUG STREAM b'tEXt' 41 57
2024-10-20 22:27:51,697 DEBUG STREAM b'pHYs' 110 9
2024-10-20 22:27:51,697 DEBUG STREAM b'IDAT' 131 65536
2024-10-20 22:27:51,706 DEBUG STREAM b'IHDR' 16 13
2024-10-20 22:27:51,706 DEBUG STREAM b'tEXt' 41 57
2024-10-20 22:27:51,706 DEBUG STREAM b'pHYs' 110 9
2024-10-20 22:27:51,706 DEBUG STREAM b'IDAT' 131 65536
2024-10-20 22:27:51,715 DEBUG STREAM b'IHDR' 16 13
2024-10-20 22:27:51,715 DEBUG STREAM b'tEXt' 41 57
2024-10-20 22:27:51,716 DEBUG STREAM b'pHYs' 110 9
2024-10-20 22:27:51,716 DEBUG STREAM b'IDAT' 131 65536
2024-10-20 22:27:51,725 DEBUG STREAM b'IHDR' 16 13
2024-10-20 22:27:51,725 DEBUG STREAM b'tEXt' 41 57
2024-10-20 22:27:51,725 DEBUG STREAM b'pHYs' 110 9
2024-10-20 22:27:51,725 DEBUG STREAM b'IDAT' 131 65536
2024-10-20 22:27:51,736 DEBUG STREAM b'IHDR' 16 13
2024-10-20 22:27:51,736 DEBUG STREAM b'tEXt' 41 57
2024-10-20 22:27:51,736 DEBUG STREAM b'pHYs' 110 9
2024-10-20 22:27:51,736 DEBUG STREAM b'IDAT' 131 65536
2024-10-20 22:27:51,745 DEBUG STREAM b'IHDR' 16 13
2024-10-20 22:27:51,745 DEBUG STREAM b'tEXt' 41 57
2024-10-20 22:27:51,745 DEBUG STREAM b'pHYs' 110 9
2024-10-20 22:27:51,745 DEBUG STREAM b'IDAT' 131 65536
2024-10-20 22:27:51,754 DEBUG STREAM b'IHDR' 16 13
2024-10-20 22:27:51,754 DEBUG STREAM b'tEXt' 41 57
2024-10-20 22:27:51,754 DEBUG STREAM b'pHYs' 110 9
2024-10-20 22:27:51,754 DEBUG STREAM b'IDAT' 131 65536
2024-10-20 22:27:51,765 DEBUG STREAM b'IHDR' 16 13
2024-10-20 22:27:51,765 DEBUG STREAM b'tEXt' 41 57
2024-10-20 22:27:51,765 DEBUG STREAM b'pHYs' 110 9
2024-10-20 22:27:51,765 DEBUG STREAM b'IDAT' 131 65536
2024-10-20 22:27:51,774 DEBUG STREAM b'IHDR' 16 13
2024-10-20 22:27:51,774 DEBUG STREAM b'tEXt' 41 57
2024-10-20 22:27:51,774 DEBUG STREAM b'pHYs' 110 9
2024-10-20 22:27:51,774 DEBUG STREAM b'IDAT' 131 65536
2024-10-20 22:27:51,785 DEBUG STREAM b'IHDR' 16 13
2024-10-20 22:27:51,785 DEBUG STREAM b'tEXt' 41 57
2024-10-20 22:27:51,785 DEBUG STREAM b'pHYs' 110 9
2024-10-20 22:27:51,785 DEBUG STREAM b'IDAT' 131 65536
2024-10-20 22:27:51,795 DEBUG STREAM b'IHDR' 16 13
2024-10-20 22:27:51,795 DEBUG STREAM b'tEXt' 41 57
2024-10-20 22:27:51,795 DEBUG STREAM b'pHYs' 110 9
2024-10-20 22:27:51,795 DEBUG STREAM b'IDAT' 131 65536
2024-10-20 22:27:51,805 DEBUG STREAM b'IHDR' 16 13
2024-10-20 22:27:51,805 DEBUG STREAM b'tEXt' 41 57
2024-10-20 22:27:51,805 DEBUG STREAM b'pHYs' 110 9
2024-10-20 22:27:51,805 DEBUG STREAM b'IDAT' 131 65536
2024-10-20 22:27:51,814 DEBUG STREAM b'IHDR' 16 13
2024-10-20 22:27:51,814 DEBUG STREAM b'tEXt' 41 57
2024-10-20 22:27:51,814 DEBUG STREAM b'pHYs' 110 9
2024-10-20 22:27:51,814 DEBUG STREAM b'IDAT' 131 65536
2024-10-20 22:27:51,823 DEBUG STREAM b'IHDR' 16 13
2024-10-20 22:27:51,824 DEBUG STREAM b'tEXt' 41 57
2024-10-20 22:27:51,824 DEBUG STREAM b'pHYs' 110 9
2024-10-20 22:27:51,824 DEBUG STREAM b'IDAT' 131 65536
2024-10-20 22:27:51,835 DEBUG STREAM b'IHDR' 16 13
2024-10-20 22:27:51,835 DEBUG STREAM b'tEXt' 41 57
2024-10-20 22:27:51,835 DEBUG STREAM b'pHYs' 110 9
2024-10-20 22:27:51,835 DEBUG STREAM b'IDAT' 131 65536
2024-10-20 22:27:51,844 DEBUG STREAM b'IHDR' 16 13
2024-10-20 22:27:51,844 DEBUG STREAM b'tEXt' 41 57
2024-10-20 22:27:51,844 DEBUG STREAM b'pHYs' 110 9
2024-10-20 22:27:51,844 DEBUG STREAM b'IDAT' 131 65536
2024-10-20 22:27:51,855 DEBUG STREAM b'IHDR' 16 13
2024-10-20 22:27:51,856 DEBUG STREAM b'tEXt' 41 57
2024-10-20 22:27:51,856 DEBUG STREAM b'pHYs' 110 9
2024-10-20 22:27:51,856 DEBUG STREAM b'IDAT' 131 65536
2024-10-20 22:27:51,865 DEBUG STREAM b'IHDR' 16 13
2024-10-20 22:27:51,865 DEBUG STREAM b'tEXt' 41 57
2024-10-20 22:27:51,865 DEBUG STREAM b'pHYs' 110 9
2024-10-20 22:27:51,865 DEBUG STREAM b'IDAT' 131 65536
2024-10-20 22:27:51,875 DEBUG STREAM b'IHDR' 16 13
2024-10-20 22:27:51,876 DEBUG STREAM b'tEXt' 41 57
2024-10-20 22:27:51,876 DEBUG STREAM b'pHYs' 110 9
2024-10-20 22:27:51,876 DEBUG STREAM b'IDAT' 131 65536
2024-10-20 22:27:51,885 DEBUG STREAM b'IHDR' 16 13
2024-10-20 22:27:51,885 DEBUG STREAM b'tEXt' 41 57
2024-10-20 22:27:51,885 DEBUG STREAM b'pHYs' 110 9
2024-10-20 22:27:51,885 DEBUG STREAM b'IDAT' 131 65536
2024-10-20 22:27:51,894 DEBUG STREAM b'IHDR' 16 13
2024-10-20 22:27:51,894 DEBUG STREAM b'tEXt' 41 57
2024-10-20 22:27:51,894 DEBUG STREAM b'pHYs' 110 9
2024-10-20 22:27:51,894 DEBUG STREAM b'IDAT' 131 65536
2024-10-20 22:27:51,905 DEBUG STREAM b'IHDR' 16 13
2024-10-20 22:27:51,905 DEBUG STREAM b'tEXt' 41 57
2024-10-20 22:27:51,905 DEBUG STREAM b'pHYs' 110 9
2024-10-20 22:27:51,905 DEBUG STREAM b'IDAT' 131 65536
2024-10-20 22:27:51,914 DEBUG STREAM b'IHDR' 16 13
2024-10-20 22:27:51,914 DEBUG STREAM b'tEXt' 41 57
2024-10-20 22:27:51,914 DEBUG STREAM b'pHYs' 110 9
2024-10-20 22:27:51,914 DEBUG STREAM b'IDAT' 131 65536
2024-10-20 22:27:51,925 DEBUG STREAM b'IHDR' 16 13
2024-10-20 22:27:51,925 DEBUG STREAM b'tEXt' 41 57
2024-10-20 22:27:51,925 DEBUG STREAM b'pHYs' 110 9
2024-10-20 22:27:51,925 DEBUG STREAM b'IDAT' 131 65536
2024-10-20 22:27:51,934 DEBUG STREAM b'IHDR' 16 13
2024-10-20 22:27:51,934 DEBUG STREAM b'tEXt' 41 57
2024-10-20 22:27:51,934 DEBUG STREAM b'pHYs' 110 9
2024-10-20 22:27:51,934 DEBUG STREAM b'IDAT' 131 65536
2024-10-20 22:27:51,943 DEBUG STREAM b'IHDR' 16 13
2024-10-20 22:27:51,943 DEBUG STREAM b'tEXt' 41 57
2024-10-20 22:27:51,943 DEBUG STREAM b'pHYs' 110 9
2024-10-20 22:27:51,943 DEBUG STREAM b'IDAT' 131 65536
2024-10-20 22:27:51,954 DEBUG STREAM b'IHDR' 16 13
2024-10-20 22:27:51,954 DEBUG STREAM b'tEXt' 41 57
2024-10-20 22:27:51,954 DEBUG STREAM b'pHYs' 110 9
2024-10-20 22:27:51,954 DEBUG STREAM b'IDAT' 131 65536
2024-10-20 22:27:51,963 DEBUG STREAM b'IHDR' 16 13
2024-10-20 22:27:51,963 DEBUG STREAM b'tEXt' 41 57
2024-10-20 22:27:51,963 DEBUG STREAM b'pHYs' 110 9
2024-10-20 22:27:51,963 DEBUG STREAM b'IDAT' 131 65536
2024-10-20 22:27:51,973 DEBUG STREAM b'IHDR' 16 13
2024-10-20 22:27:51,973 DEBUG STREAM b'tEXt' 41 57
2024-10-20 22:27:51,973 DEBUG STREAM b'pHYs' 110 9
2024-10-20 22:27:51,973 DEBUG STREAM b'IDAT' 131 65536
2024-10-20 22:27:51,984 DEBUG STREAM b'IHDR' 16 13
2024-10-20 22:27:51,984 DEBUG STREAM b'tEXt' 41 57
2024-10-20 22:27:51,984 DEBUG STREAM b'pHYs' 110 9
2024-10-20 22:27:51,984 DEBUG STREAM b'IDAT' 131 65536
2024-10-20 22:27:51,993 DEBUG STREAM b'IHDR' 16 13
2024-10-20 22:27:51,993 DEBUG STREAM b'tEXt' 41 57
2024-10-20 22:27:51,993 DEBUG STREAM b'pHYs' 110 9
2024-10-20 22:27:51,993 DEBUG STREAM b'IDAT' 131 65536
2024-10-20 22:27:52,002 DEBUG STREAM b'IHDR' 16 13
2024-10-20 22:27:52,002 DEBUG STREAM b'tEXt' 41 57
2024-10-20 22:27:52,002 DEBUG STREAM b'pHYs' 110 9
2024-10-20 22:27:52,002 DEBUG STREAM b'IDAT' 131 65536
2024-10-20 22:27:52,011 DEBUG STREAM b'IHDR' 16 13
2024-10-20 22:27:52,011 DEBUG STREAM b'tEXt' 41 57
2024-10-20 22:27:52,011 DEBUG STREAM b'pHYs' 110 9
2024-10-20 22:27:52,012 DEBUG STREAM b'IDAT' 131 65536
2024-10-20 22:27:52,022 DEBUG STREAM b'IHDR' 16 13
2024-10-20 22:27:52,022 DEBUG STREAM b'tEXt' 41 57
2024-10-20 22:27:52,022 DEBUG STREAM b'pHYs' 110 9
2024-10-20 22:27:52,022 DEBUG STREAM b'IDAT' 131 65536
2024-10-20 22:27:52,033 DEBUG STREAM b'IHDR' 16 13
2024-10-20 22:27:52,033 DEBUG STREAM b'tEXt' 41 57
2024-10-20 22:27:52,033 DEBUG STREAM b'pHYs' 110 9
2024-10-20 22:27:52,033 DEBUG STREAM b'IDAT' 131 65536
2024-10-20 22:27:52,042 DEBUG STREAM b'IHDR' 16 13
2024-10-20 22:27:52,042 DEBUG STREAM b'tEXt' 41 57
2024-10-20 22:27:52,042 DEBUG STREAM b'pHYs' 110 9
2024-10-20 22:27:52,042 DEBUG STREAM b'IDAT' 131 65536
2024-10-20 22:27:52,051 DEBUG STREAM b'IHDR' 16 13
2024-10-20 22:27:52,051 DEBUG STREAM b'tEXt' 41 57
2024-10-20 22:27:52,051 DEBUG STREAM b'pHYs' 110 9
2024-10-20 22:27:52,051 DEBUG STREAM b'IDAT' 131 65536
2024-10-20 22:27:52,062 DEBUG STREAM b'IHDR' 16 13
2024-10-20 22:27:52,062 DEBUG STREAM b'tEXt' 41 57
2024-10-20 22:27:52,062 DEBUG STREAM b'pHYs' 110 9
2024-10-20 22:27:52,062 DEBUG STREAM b'IDAT' 131 65536
2024-10-20 22:27:52,073 DEBUG STREAM b'IHDR' 16 13
2024-10-20 22:27:52,073 DEBUG STREAM b'tEXt' 41 57
2024-10-20 22:27:52,073 DEBUG STREAM b'pHYs' 110 9
2024-10-20 22:27:52,073 DEBUG STREAM b'IDAT' 131 65536
2024-10-20 22:27:52,082 DEBUG STREAM b'IHDR' 16 13
2024-10-20 22:27:52,082 DEBUG STREAM b'tEXt' 41 57
2024-10-20 22:27:52,083 DEBUG STREAM b'pHYs' 110 9
2024-10-20 22:27:52,083 DEBUG STREAM b'IDAT' 131 65536
2024-10-20 22:27:52,092 DEBUG STREAM b'IHDR' 16 13
2024-10-20 22:27:52,092 DEBUG STREAM b'tEXt' 41 57
2024-10-20 22:27:52,092 DEBUG STREAM b'pHYs' 110 9
2024-10-20 22:27:52,092 DEBUG STREAM b'IDAT' 131 65536
2024-10-20 22:27:52,102 DEBUG STREAM b'IHDR' 16 13
2024-10-20 22:27:52,103 DEBUG STREAM b'tEXt' 41 57
2024-10-20 22:27:52,103 DEBUG STREAM b'pHYs' 110 9
2024-10-20 22:27:52,103 DEBUG STREAM b'IDAT' 131 65536
2024-10-20 22:27:52,114 DEBUG STREAM b'IHDR' 16 13
2024-10-20 22:27:52,114 DEBUG STREAM b'tEXt' 41 57
2024-10-20 22:27:52,114 DEBUG STREAM b'pHYs' 110 9
2024-10-20 22:27:52,114 DEBUG STREAM b'IDAT' 131 65536
2024-10-20 22:27:52,123 DEBUG STREAM b'IHDR' 16 13
2024-10-20 22:27:52,123 DEBUG STREAM b'tEXt' 41 57
2024-10-20 22:27:52,123 DEBUG STREAM b'pHYs' 110 9
2024-10-20 22:27:52,123 DEBUG STREAM b'IDAT' 131 65536
2024-10-20 22:27:52,134 DEBUG STREAM b'IHDR' 16 13
2024-10-20 22:27:52,134 DEBUG STREAM b'tEXt' 41 57
2024-10-20 22:27:52,134 DEBUG STREAM b'pHYs' 110 9
2024-10-20 22:27:52,134 DEBUG STREAM b'IDAT' 131 65536
2024-10-20 22:27:52,144 DEBUG STREAM b'IHDR' 16 13
2024-10-20 22:27:52,144 DEBUG STREAM b'tEXt' 41 57
2024-10-20 22:27:52,144 DEBUG STREAM b'pHYs' 110 9
2024-10-20 22:27:52,144 DEBUG STREAM b'IDAT' 131 65536
2024-10-20 22:27:52,153 DEBUG STREAM b'IHDR' 16 13
2024-10-20 22:27:52,153 DEBUG STREAM b'tEXt' 41 57
2024-10-20 22:27:52,154 DEBUG STREAM b'pHYs' 110 9
2024-10-20 22:27:52,154 DEBUG STREAM b'IDAT' 131 65536
2024-10-20 22:27:52,163 DEBUG STREAM b'IHDR' 16 13
2024-10-20 22:27:52,163 DEBUG STREAM b'tEXt' 41 57
2024-10-20 22:27:52,163 DEBUG STREAM b'pHYs' 110 9
2024-10-20 22:27:52,163 DEBUG STREAM b'IDAT' 131 65536
2024-10-20 22:27:52,174 DEBUG STREAM b'IHDR' 16 13
2024-10-20 22:27:52,174 DEBUG STREAM b'tEXt' 41 57
2024-10-20 22:27:52,174 DEBUG STREAM b'pHYs' 110 9
2024-10-20 22:27:52,174 DEBUG STREAM b'IDAT' 131 65536
2024-10-20 22:27:52,183 DEBUG STREAM b'IHDR' 16 13
2024-10-20 22:27:52,184 DEBUG STREAM b'tEXt' 41 57
2024-10-20 22:27:52,184 DEBUG STREAM b'pHYs' 110 9
2024-10-20 22:27:52,184 DEBUG STREAM b'IDAT' 131 65536
2024-10-20 22:27:52,195 DEBUG STREAM b'IHDR' 16 13
2024-10-20 22:27:52,195 DEBUG STREAM b'tEXt' 41 57
2024-10-20 22:27:52,195 DEBUG STREAM b'pHYs' 110 9
2024-10-20 22:27:52,195 DEBUG STREAM b'IDAT' 131 65536
2024-10-20 22:27:52,204 DEBUG STREAM b'IHDR' 16 13
2024-10-20 22:27:52,204 DEBUG STREAM b'tEXt' 41 57
2024-10-20 22:27:52,204 DEBUG STREAM b'pHYs' 110 9
2024-10-20 22:27:52,205 DEBUG STREAM b'IDAT' 131 65536
2024-10-20 22:27:52,215 DEBUG STREAM b'IHDR' 16 13
2024-10-20 22:27:52,215 DEBUG STREAM b'tEXt' 41 57
2024-10-20 22:27:52,215 DEBUG STREAM b'pHYs' 110 9
2024-10-20 22:27:52,215 DEBUG STREAM b'IDAT' 131 65536
2024-10-20 22:27:52,224 DEBUG STREAM b'IHDR' 16 13
2024-10-20 22:27:52,224 DEBUG STREAM b'tEXt' 41 57
2024-10-20 22:27:52,224 DEBUG STREAM b'pHYs' 110 9
2024-10-20 22:27:52,224 DEBUG STREAM b'IDAT' 131 65536
2024-10-20 22:27:52,234 DEBUG STREAM b'IHDR' 16 13
2024-10-20 22:27:52,234 DEBUG STREAM b'tEXt' 41 57
2024-10-20 22:27:52,234 DEBUG STREAM b'pHYs' 110 9
2024-10-20 22:27:52,234 DEBUG STREAM b'IDAT' 131 65536
2024-10-20 22:27:52,243 DEBUG STREAM b'IHDR' 16 13
2024-10-20 22:27:52,243 DEBUG STREAM b'tEXt' 41 57
2024-10-20 22:27:52,243 DEBUG STREAM b'pHYs' 110 9
2024-10-20 22:27:52,243 DEBUG STREAM b'IDAT' 131 65536
2024-10-20 22:27:52,253 DEBUG STREAM b'IHDR' 16 13
2024-10-20 22:27:52,253 DEBUG STREAM b'tEXt' 41 57
2024-10-20 22:27:52,253 DEBUG STREAM b'pHYs' 110 9
2024-10-20 22:27:52,253 DEBUG STREAM b'IDAT' 131 65536
2024-10-20 22:27:52,265 DEBUG STREAM b'IHDR' 16 13
2024-10-20 22:27:52,265 DEBUG STREAM b'tEXt' 41 57
2024-10-20 22:27:52,265 DEBUG STREAM b'pHYs' 110 9
2024-10-20 22:27:52,265 DEBUG STREAM b'IDAT' 131 65536
2024-10-20 22:27:52,276 DEBUG STREAM b'IHDR' 16 13
2024-10-20 22:27:52,276 DEBUG STREAM b'tEXt' 41 57
2024-10-20 22:27:52,277 DEBUG STREAM b'pHYs' 110 9
2024-10-20 22:27:52,277 DEBUG STREAM b'IDAT' 131 65536
2024-10-20 22:27:52,287 DEBUG STREAM b'IHDR' 16 13
2024-10-20 22:27:52,287 DEBUG STREAM b'tEXt' 41 57
2024-10-20 22:27:52,287 DEBUG STREAM b'pHYs' 110 9
2024-10-20 22:27:52,287 DEBUG STREAM b'IDAT' 131 65536
2024-10-20 22:27:52,297 DEBUG STREAM b'IHDR' 16 13
2024-10-20 22:27:52,298 DEBUG STREAM b'tEXt' 41 57
2024-10-20 22:27:52,298 DEBUG STREAM b'pHYs' 110 9
2024-10-20 22:27:52,298 DEBUG STREAM b'IDAT' 131 65536
2024-10-20 22:27:52,307 DEBUG STREAM b'IHDR' 16 13
2024-10-20 22:27:52,307 DEBUG STREAM b'tEXt' 41 57
2024-10-20 22:27:52,307 DEBUG STREAM b'pHYs' 110 9
2024-10-20 22:27:52,307 DEBUG STREAM b'IDAT' 131 65536
2024-10-20 22:27:52,317 DEBUG STREAM b'IHDR' 16 13
2024-10-20 22:27:52,317 DEBUG STREAM b'tEXt' 41 57
2024-10-20 22:27:52,317 DEBUG STREAM b'pHYs' 110 9
2024-10-20 22:27:52,317 DEBUG STREAM b'IDAT' 131 65536
2024-10-20 22:27:52,328 DEBUG STREAM b'IHDR' 16 13
2024-10-20 22:27:52,328 DEBUG STREAM b'tEXt' 41 57
2024-10-20 22:27:52,328 DEBUG STREAM b'pHYs' 110 9
2024-10-20 22:27:52,328 DEBUG STREAM b'IDAT' 131 65536
2024-10-20 22:27:52,345 DEBUG STREAM b'IHDR' 16 13
2024-10-20 22:27:52,345 DEBUG STREAM b'tEXt' 41 57
2024-10-20 22:27:52,345 DEBUG STREAM b'pHYs' 110 9
2024-10-20 22:27:52,346 DEBUG STREAM b'IDAT' 131 65536
2024-10-20 22:27:52,357 DEBUG STREAM b'IHDR' 16 13
2024-10-20 22:27:52,358 DEBUG STREAM b'tEXt' 41 57
2024-10-20 22:27:52,358 DEBUG STREAM b'pHYs' 110 9
2024-10-20 22:27:52,358 DEBUG STREAM b'IDAT' 131 65536
2024-10-20 22:27:52,370 DEBUG STREAM b'IHDR' 16 13
2024-10-20 22:27:52,370 DEBUG STREAM b'tEXt' 41 57
2024-10-20 22:27:52,370 DEBUG STREAM b'pHYs' 110 9
2024-10-20 22:27:52,370 DEBUG STREAM b'IDAT' 131 65536
2024-10-20 22:27:52,381 DEBUG STREAM b'IHDR' 16 13
2024-10-20 22:27:52,381 DEBUG STREAM b'tEXt' 41 57
2024-10-20 22:27:52,381 DEBUG STREAM b'pHYs' 110 9
2024-10-20 22:27:52,381 DEBUG STREAM b'IDAT' 131 65536
2024-10-20 22:27:52,393 DEBUG STREAM b'IHDR' 16 13
2024-10-20 22:27:52,393 DEBUG STREAM b'tEXt' 41 57
2024-10-20 22:27:52,393 DEBUG STREAM b'pHYs' 110 9
2024-10-20 22:27:52,393 DEBUG STREAM b'IDAT' 131 65536
2024-10-20 22:27:52,405 DEBUG STREAM b'IHDR' 16 13
2024-10-20 22:27:52,405 DEBUG STREAM b'tEXt' 41 57
2024-10-20 22:27:52,405 DEBUG STREAM b'pHYs' 110 9
2024-10-20 22:27:52,405 DEBUG STREAM b'IDAT' 131 65536
2024-10-20 22:27:52,415 DEBUG STREAM b'IHDR' 16 13
2024-10-20 22:27:52,415 DEBUG STREAM b'tEXt' 41 57
2024-10-20 22:27:52,415 DEBUG STREAM b'pHYs' 110 9
2024-10-20 22:27:52,415 DEBUG STREAM b'IDAT' 131 65536
2024-10-20 22:27:52,425 DEBUG STREAM b'IHDR' 16 13
2024-10-20 22:27:52,425 DEBUG STREAM b'tEXt' 41 57
2024-10-20 22:27:52,425 DEBUG STREAM b'pHYs' 110 9
2024-10-20 22:27:52,425 DEBUG STREAM b'IDAT' 131 65536
2024-10-20 22:27:52,436 DEBUG STREAM b'IHDR' 16 13
2024-10-20 22:27:52,436 DEBUG STREAM b'tEXt' 41 57
2024-10-20 22:27:52,436 DEBUG STREAM b'pHYs' 110 9
2024-10-20 22:27:52,436 DEBUG STREAM b'IDAT' 131 65536
2024-10-20 22:27:52,447 DEBUG STREAM b'IHDR' 16 13
2024-10-20 22:27:52,448 DEBUG STREAM b'tEXt' 41 57
2024-10-20 22:27:52,448 DEBUG STREAM b'pHYs' 110 9
2024-10-20 22:27:52,448 DEBUG STREAM b'IDAT' 131 65536
2024-10-20 22:27:52,457 DEBUG STREAM b'IHDR' 16 13
2024-10-20 22:27:52,457 DEBUG STREAM b'tEXt' 41 57
2024-10-20 22:27:52,457 DEBUG STREAM b'pHYs' 110 9
2024-10-20 22:27:52,457 DEBUG STREAM b'IDAT' 131 65536
2024-10-20 22:27:52,466 DEBUG STREAM b'IHDR' 16 13
2024-10-20 22:27:52,466 DEBUG STREAM b'tEXt' 41 57
2024-10-20 22:27:52,467 DEBUG STREAM b'pHYs' 110 9
2024-10-20 22:27:52,467 DEBUG STREAM b'IDAT' 131 65536
2024-10-20 22:27:52,477 DEBUG STREAM b'IHDR' 16 13
2024-10-20 22:27:52,477 DEBUG STREAM b'tEXt' 41 57
2024-10-20 22:27:52,477 DEBUG STREAM b'pHYs' 110 9
2024-10-20 22:27:52,477 DEBUG STREAM b'IDAT' 131 65536
2024-10-20 22:27:52,493 DEBUG STREAM b'IHDR' 16 13
2024-10-20 22:27:52,493 DEBUG STREAM b'tEXt' 41 57
2024-10-20 22:27:52,493 DEBUG STREAM b'pHYs' 110 9
2024-10-20 22:27:52,493 DEBUG STREAM b'IDAT' 131 65536
2024-10-20 22:27:52,504 DEBUG STREAM b'IHDR' 16 13
2024-10-20 22:27:52,504 DEBUG STREAM b'tEXt' 41 57
2024-10-20 22:27:52,504 DEBUG STREAM b'pHYs' 110 9
2024-10-20 22:27:52,504 DEBUG STREAM b'IDAT' 131 65536
2024-10-20 22:27:52,516 DEBUG STREAM b'IHDR' 16 13
2024-10-20 22:27:52,516 DEBUG STREAM b'tEXt' 41 57
2024-10-20 22:27:52,516 DEBUG STREAM b'pHYs' 110 9
2024-10-20 22:27:52,516 DEBUG STREAM b'IDAT' 131 65536
2024-10-20 22:27:52,525 DEBUG STREAM b'IHDR' 16 13
2024-10-20 22:27:52,525 DEBUG STREAM b'tEXt' 41 57
2024-10-20 22:27:52,525 DEBUG STREAM b'pHYs' 110 9
2024-10-20 22:27:52,525 DEBUG STREAM b'IDAT' 131 65536
2024-10-20 22:27:52,535 DEBUG STREAM b'IHDR' 16 13
2024-10-20 22:27:52,535 DEBUG STREAM b'tEXt' 41 57
2024-10-20 22:27:52,535 DEBUG STREAM b'pHYs' 110 9
2024-10-20 22:27:52,535 DEBUG STREAM b'IDAT' 131 65536
2024-10-20 22:27:52,544 DEBUG STREAM b'IHDR' 16 13
2024-10-20 22:27:52,544 DEBUG STREAM b'tEXt' 41 57
2024-10-20 22:27:52,544 DEBUG STREAM b'pHYs' 110 9
2024-10-20 22:27:52,544 DEBUG STREAM b'IDAT' 131 65536
2024-10-20 22:27:52,554 DEBUG STREAM b'IHDR' 16 13
2024-10-20 22:27:52,554 DEBUG STREAM b'tEXt' 41 57
2024-10-20 22:27:52,554 DEBUG STREAM b'pHYs' 110 9
2024-10-20 22:27:52,554 DEBUG STREAM b'IDAT' 131 65536
2024-10-20 22:27:52,564 DEBUG STREAM b'IHDR' 16 13
2024-10-20 22:27:52,564 DEBUG STREAM b'tEXt' 41 57
2024-10-20 22:27:52,564 DEBUG STREAM b'pHYs' 110 9
2024-10-20 22:27:52,564 DEBUG STREAM b'IDAT' 131 65536
2024-10-20 22:27:52,573 DEBUG STREAM b'IHDR' 16 13
2024-10-20 22:27:52,573 DEBUG STREAM b'tEXt' 41 57
2024-10-20 22:27:52,573 DEBUG STREAM b'pHYs' 110 9
2024-10-20 22:27:52,573 DEBUG STREAM b'IDAT' 131 65536
2024-10-20 22:27:52,582 DEBUG STREAM b'IHDR' 16 13
2024-10-20 22:27:52,583 DEBUG STREAM b'tEXt' 41 57
2024-10-20 22:27:52,583 DEBUG STREAM b'pHYs' 110 9
2024-10-20 22:27:52,583 DEBUG STREAM b'IDAT' 131 65536
2024-10-20 22:27:52,592 DEBUG STREAM b'IHDR' 16 13
2024-10-20 22:27:52,592 DEBUG STREAM b'tEXt' 41 57
2024-10-20 22:27:52,592 DEBUG STREAM b'pHYs' 110 9
2024-10-20 22:27:52,592 DEBUG STREAM b'IDAT' 131 65536
2024-10-20 22:27:52,601 DEBUG STREAM b'IHDR' 16 13
2024-10-20 22:27:52,601 DEBUG STREAM b'tEXt' 41 57
2024-10-20 22:27:52,601 DEBUG STREAM b'pHYs' 110 9
2024-10-20 22:27:52,602 DEBUG STREAM b'IDAT' 131 65536
2024-10-20 22:27:52,612 DEBUG STREAM b'IHDR' 16 13
2024-10-20 22:27:52,612 DEBUG STREAM b'tEXt' 41 57
2024-10-20 22:27:52,612 DEBUG STREAM b'pHYs' 110 9
2024-10-20 22:27:52,612 DEBUG STREAM b'IDAT' 131 65536
2024-10-20 22:27:52,622 DEBUG STREAM b'IHDR' 16 13
2024-10-20 22:27:52,622 DEBUG STREAM b'tEXt' 41 57
2024-10-20 22:27:52,622 DEBUG STREAM b'pHYs' 110 9
2024-10-20 22:27:52,622 DEBUG STREAM b'IDAT' 131 65536
2024-10-20 22:27:52,631 DEBUG STREAM b'IHDR' 16 13
2024-10-20 22:27:52,631 DEBUG STREAM b'tEXt' 41 57
2024-10-20 22:27:52,631 DEBUG STREAM b'pHYs' 110 9
2024-10-20 22:27:52,632 DEBUG STREAM b'IDAT' 131 65536
2024-10-20 22:27:52,643 DEBUG STREAM b'IHDR' 16 13
2024-10-20 22:27:52,643 DEBUG STREAM b'tEXt' 41 57
2024-10-20 22:27:52,643 DEBUG STREAM b'pHYs' 110 9
2024-10-20 22:27:52,643 DEBUG STREAM b'IDAT' 131 65536
2024-10-20 22:27:52,652 DEBUG STREAM b'IHDR' 16 13
2024-10-20 22:27:52,652 DEBUG STREAM b'tEXt' 41 57
2024-10-20 22:27:52,652 DEBUG STREAM b'pHYs' 110 9
2024-10-20 22:27:52,652 DEBUG STREAM b'IDAT' 131 65536
2024-10-20 22:27:52,661 DEBUG STREAM b'IHDR' 16 13
2024-10-20 22:27:52,661 DEBUG STREAM b'tEXt' 41 57
2024-10-20 22:27:52,662 DEBUG STREAM b'pHYs' 110 9
2024-10-20 22:27:52,662 DEBUG STREAM b'IDAT' 131 65536
2024-10-20 22:27:52,670 DEBUG STREAM b'IHDR' 16 13
2024-10-20 22:27:52,671 DEBUG STREAM b'tEXt' 41 57
2024-10-20 22:27:52,671 DEBUG STREAM b'pHYs' 110 9
2024-10-20 22:27:52,671 DEBUG STREAM b'IDAT' 131 65536
2024-10-20 22:27:52,682 DEBUG STREAM b'IHDR' 16 13
2024-10-20 22:27:52,682 DEBUG STREAM b'tEXt' 41 57
2024-10-20 22:27:52,682 DEBUG STREAM b'pHYs' 110 9
2024-10-20 22:27:52,682 DEBUG STREAM b'IDAT' 131 36640
2024-10-20 22:27:52,691 DEBUG STREAM b'IHDR' 16 13
2024-10-20 22:27:52,691 DEBUG STREAM b'tEXt' 41 57
2024-10-20 22:27:52,691 DEBUG STREAM b'pHYs' 110 9
2024-10-20 22:27:52,691 DEBUG STREAM b'IDAT' 131 65536
2024-10-20 22:27:52,701 DEBUG STREAM b'IHDR' 16 13
2024-10-20 22:27:52,701 DEBUG STREAM b'tEXt' 41 57
2024-10-20 22:27:52,701 DEBUG STREAM b'pHYs' 110 9
2024-10-20 22:27:52,701 DEBUG STREAM b'IDAT' 131 65536
2024-10-20 22:27:52,711 DEBUG STREAM b'IHDR' 16 13
2024-10-20 22:27:52,712 DEBUG STREAM b'tEXt' 41 57
2024-10-20 22:27:52,712 DEBUG STREAM b'pHYs' 110 9
2024-10-20 22:27:52,712 DEBUG STREAM b'IDAT' 131 65536
2024-10-20 22:27:52,721 DEBUG STREAM b'IHDR' 16 13
2024-10-20 22:27:52,721 DEBUG STREAM b'tEXt' 41 57
2024-10-20 22:27:52,721 DEBUG STREAM b'pHYs' 110 9
2024-10-20 22:27:52,721 DEBUG STREAM b'IDAT' 131 65536
2024-10-20 22:27:52,730 DEBUG STREAM b'IHDR' 16 13
2024-10-20 22:27:52,731 DEBUG STREAM b'tEXt' 41 57
2024-10-20 22:27:52,731 DEBUG STREAM b'pHYs' 110 9
2024-10-20 22:27:52,731 DEBUG STREAM b'IDAT' 131 65536
2024-10-20 22:27:52,739 DEBUG STREAM b'IHDR' 16 13
2024-10-20 22:27:52,739 DEBUG STREAM b'tEXt' 41 57
2024-10-20 22:27:52,740 DEBUG STREAM b'pHYs' 110 9
2024-10-20 22:27:52,740 DEBUG STREAM b'IDAT' 131 65536
2024-10-20 22:27:52,750 DEBUG STREAM b'IHDR' 16 13
2024-10-20 22:27:52,751 DEBUG STREAM b'tEXt' 41 57
2024-10-20 22:27:52,751 DEBUG STREAM b'pHYs' 110 9
2024-10-20 22:27:52,751 DEBUG STREAM b'IDAT' 131 65536
2024-10-20 22:27:52,759 DEBUG STREAM b'IHDR' 16 13
2024-10-20 22:27:52,759 DEBUG STREAM b'tEXt' 41 57
2024-10-20 22:27:52,759 DEBUG STREAM b'pHYs' 110 9
2024-10-20 22:27:52,760 DEBUG STREAM b'IDAT' 131 65536
2024-10-20 22:27:52,769 DEBUG STREAM b'IHDR' 16 13
2024-10-20 22:27:52,769 DEBUG STREAM b'tEXt' 41 57
2024-10-20 22:27:52,769 DEBUG STREAM b'pHYs' 110 9
2024-10-20 22:27:52,769 DEBUG STREAM b'IDAT' 131 65536
2024-10-20 22:27:52,778 DEBUG STREAM b'IHDR' 16 13
2024-10-20 22:27:52,778 DEBUG STREAM b'tEXt' 41 57
2024-10-20 22:27:52,778 DEBUG STREAM b'pHYs' 110 9
2024-10-20 22:27:52,778 DEBUG STREAM b'IDAT' 131 65536
2024-10-20 22:27:52,787 DEBUG STREAM b'IHDR' 16 13
2024-10-20 22:27:52,787 DEBUG STREAM b'tEXt' 41 57
2024-10-20 22:27:52,787 DEBUG STREAM b'pHYs' 110 9
2024-10-20 22:27:52,787 DEBUG STREAM b'IDAT' 131 65536
2024-10-20 22:27:52,797 DEBUG STREAM b'IHDR' 16 13
2024-10-20 22:27:52,797 DEBUG STREAM b'tEXt' 41 57
2024-10-20 22:27:52,797 DEBUG STREAM b'pHYs' 110 9
2024-10-20 22:27:52,797 DEBUG STREAM b'IDAT' 131 65536
2024-10-20 22:27:52,806 DEBUG STREAM b'IHDR' 16 13
2024-10-20 22:27:52,806 DEBUG STREAM b'tEXt' 41 57
2024-10-20 22:27:52,806 DEBUG STREAM b'pHYs' 110 9
2024-10-20 22:27:52,806 DEBUG STREAM b'IDAT' 131 65536
2024-10-20 22:27:52,816 DEBUG STREAM b'IHDR' 16 13
2024-10-20 22:27:52,816 DEBUG STREAM b'tEXt' 41 57
2024-10-20 22:27:52,816 DEBUG STREAM b'pHYs' 110 9
2024-10-20 22:27:52,816 DEBUG STREAM b'IDAT' 131 65536
2024-10-20 22:27:52,825 DEBUG STREAM b'IHDR' 16 13
2024-10-20 22:27:52,825 DEBUG STREAM b'tEXt' 41 57
2024-10-20 22:27:52,825 DEBUG STREAM b'pHYs' 110 9
2024-10-20 22:27:52,825 DEBUG STREAM b'IDAT' 131 65536
2024-10-20 22:27:52,834 DEBUG STREAM b'IHDR' 16 13
2024-10-20 22:27:52,834 DEBUG STREAM b'tEXt' 41 57
2024-10-20 22:27:52,834 DEBUG STREAM b'pHYs' 110 9
2024-10-20 22:27:52,834 DEBUG STREAM b'IDAT' 131 65536
2024-10-20 22:27:52,843 DEBUG STREAM b'IHDR' 16 13
2024-10-20 22:27:52,843 DEBUG STREAM b'tEXt' 41 57
2024-10-20 22:27:52,843 DEBUG STREAM b'pHYs' 110 9
2024-10-20 22:27:52,843 DEBUG STREAM b'IDAT' 131 65536
2024-10-20 22:27:52,854 DEBUG STREAM b'IHDR' 16 13
2024-10-20 22:27:52,854 DEBUG STREAM b'tEXt' 41 57
2024-10-20 22:27:52,854 DEBUG STREAM b'pHYs' 110 9
2024-10-20 22:27:52,854 DEBUG STREAM b'IDAT' 131 65536
2024-10-20 22:27:52,866 DEBUG STREAM b'IHDR' 16 13
2024-10-20 22:27:52,866 DEBUG STREAM b'tEXt' 41 57
2024-10-20 22:27:52,866 DEBUG STREAM b'pHYs' 110 9
2024-10-20 22:27:52,866 DEBUG STREAM b'IDAT' 131 65536
2024-10-20 22:27:52,875 DEBUG STREAM b'IHDR' 16 13
2024-10-20 22:27:52,875 DEBUG STREAM b'tEXt' 41 57
2024-10-20 22:27:52,875 DEBUG STREAM b'pHYs' 110 9
2024-10-20 22:27:52,875 DEBUG STREAM b'IDAT' 131 65536
2024-10-20 22:27:52,884 DEBUG STREAM b'IHDR' 16 13
2024-10-20 22:27:52,884 DEBUG STREAM b'tEXt' 41 57
2024-10-20 22:27:52,884 DEBUG STREAM b'pHYs' 110 9
2024-10-20 22:27:52,884 DEBUG STREAM b'IDAT' 131 65536
2024-10-20 22:27:52,896 DEBUG STREAM b'IHDR' 16 13
2024-10-20 22:27:52,896 DEBUG STREAM b'tEXt' 41 57
2024-10-20 22:27:52,896 DEBUG STREAM b'pHYs' 110 9
2024-10-20 22:27:52,896 DEBUG STREAM b'IDAT' 131 65536
2024-10-20 22:27:52,907 DEBUG STREAM b'IHDR' 16 13
2024-10-20 22:27:52,907 DEBUG STREAM b'tEXt' 41 57
2024-10-20 22:27:52,907 DEBUG STREAM b'pHYs' 110 9
2024-10-20 22:27:52,907 DEBUG STREAM b'IDAT' 131 65536
2024-10-20 22:27:52,918 DEBUG STREAM b'IHDR' 16 13
2024-10-20 22:27:52,918 DEBUG STREAM b'tEXt' 41 57
2024-10-20 22:27:52,918 DEBUG STREAM b'pHYs' 110 9
2024-10-20 22:27:52,918 DEBUG STREAM b'IDAT' 131 65536
2024-10-20 22:27:52,927 DEBUG STREAM b'IHDR' 16 13
2024-10-20 22:27:52,927 DEBUG STREAM b'tEXt' 41 57
2024-10-20 22:27:52,927 DEBUG STREAM b'pHYs' 110 9
2024-10-20 22:27:52,927 DEBUG STREAM b'IDAT' 131 65536
2024-10-20 22:27:52,936 DEBUG STREAM b'IHDR' 16 13
2024-10-20 22:27:52,936 DEBUG STREAM b'tEXt' 41 57
2024-10-20 22:27:52,936 DEBUG STREAM b'pHYs' 110 9
2024-10-20 22:27:52,936 DEBUG STREAM b'IDAT' 131 65536
2024-10-20 22:27:52,945 DEBUG STREAM b'IHDR' 16 13
2024-10-20 22:27:52,945 DEBUG STREAM b'tEXt' 41 57
2024-10-20 22:27:52,945 DEBUG STREAM b'pHYs' 110 9
2024-10-20 22:27:52,945 DEBUG STREAM b'IDAT' 131 65536
2024-10-20 22:27:52,954 DEBUG STREAM b'IHDR' 16 13
2024-10-20 22:27:52,954 DEBUG STREAM b'tEXt' 41 57
2024-10-20 22:27:52,954 DEBUG STREAM b'pHYs' 110 9
2024-10-20 22:27:52,954 DEBUG STREAM b'IDAT' 131 65536
2024-10-20 22:27:52,964 DEBUG STREAM b'IHDR' 16 13
2024-10-20 22:27:52,964 DEBUG STREAM b'tEXt' 41 57
2024-10-20 22:27:52,964 DEBUG STREAM b'pHYs' 110 9
2024-10-20 22:27:52,964 DEBUG STREAM b'IDAT' 131 65536
2024-10-20 22:27:52,974 DEBUG STREAM b'IHDR' 16 13
2024-10-20 22:27:52,974 DEBUG STREAM b'tEXt' 41 57
2024-10-20 22:27:52,974 DEBUG STREAM b'pHYs' 110 9
2024-10-20 22:27:52,974 DEBUG STREAM b'IDAT' 131 65536
2024-10-20 22:27:52,982 DEBUG STREAM b'IHDR' 16 13
2024-10-20 22:27:52,982 DEBUG STREAM b'tEXt' 41 57
2024-10-20 22:27:52,982 DEBUG STREAM b'pHYs' 110 9
2024-10-20 22:27:52,983 DEBUG STREAM b'IDAT' 131 65536
2024-10-20 22:27:52,993 DEBUG STREAM b'IHDR' 16 13
2024-10-20 22:27:52,993 DEBUG STREAM b'tEXt' 41 57
2024-10-20 22:27:52,993 DEBUG STREAM b'pHYs' 110 9
2024-10-20 22:27:52,993 DEBUG STREAM b'IDAT' 131 54811
2024-10-20 22:27:53,001 DEBUG STREAM b'IHDR' 16 13
2024-10-20 22:27:53,001 DEBUG STREAM b'tEXt' 41 57
2024-10-20 22:27:53,001 DEBUG STREAM b'pHYs' 110 9
2024-10-20 22:27:53,001 DEBUG STREAM b'IDAT' 131 65536
2024-10-20 22:27:53,010 DEBUG STREAM b'IHDR' 16 13
2024-10-20 22:27:53,010 DEBUG STREAM b'tEXt' 41 57
2024-10-20 22:27:53,010 DEBUG STREAM b'pHYs' 110 9
2024-10-20 22:27:53,010 DEBUG STREAM b'IDAT' 131 65536
2024-10-20 22:27:53,019 DEBUG STREAM b'IHDR' 16 13
2024-10-20 22:27:53,019 DEBUG STREAM b'tEXt' 41 57
2024-10-20 22:27:53,019 DEBUG STREAM b'pHYs' 110 9
2024-10-20 22:27:53,019 DEBUG STREAM b'IDAT' 131 65536
2024-10-20 22:27:53,030 DEBUG STREAM b'IHDR' 16 13
2024-10-20 22:27:53,030 DEBUG STREAM b'tEXt' 41 57
2024-10-20 22:27:53,030 DEBUG STREAM b'pHYs' 110 9
2024-10-20 22:27:53,030 DEBUG STREAM b'IDAT' 131 65536
2024-10-20 22:27:53,039 DEBUG STREAM b'IHDR' 16 13
2024-10-20 22:27:53,039 DEBUG STREAM b'tEXt' 41 57
2024-10-20 22:27:53,039 DEBUG STREAM b'pHYs' 110 9
2024-10-20 22:27:53,039 DEBUG STREAM b'IDAT' 131 65536
2024-10-20 22:27:53,047 DEBUG STREAM b'IHDR' 16 13
2024-10-20 22:27:53,047 DEBUG STREAM b'tEXt' 41 57
2024-10-20 22:27:53,048 DEBUG STREAM b'pHYs' 110 9
2024-10-20 22:27:53,048 DEBUG STREAM b'IDAT' 131 65536
2024-10-20 22:27:53,056 DEBUG STREAM b'IHDR' 16 13
2024-10-20 22:27:53,056 DEBUG STREAM b'tEXt' 41 57
2024-10-20 22:27:53,056 DEBUG STREAM b'pHYs' 110 9
2024-10-20 22:27:53,056 DEBUG STREAM b'IDAT' 131 65536
2024-10-20 22:27:53,066 DEBUG STREAM b'IHDR' 16 13
2024-10-20 22:27:53,066 DEBUG STREAM b'tEXt' 41 57
2024-10-20 22:27:53,066 DEBUG STREAM b'pHYs' 110 9
2024-10-20 22:27:53,066 DEBUG STREAM b'IDAT' 131 65536
2024-10-20 22:27:53,075 DEBUG STREAM b'IHDR' 16 13
2024-10-20 22:27:53,075 DEBUG STREAM b'tEXt' 41 57
2024-10-20 22:27:53,075 DEBUG STREAM b'pHYs' 110 9
2024-10-20 22:27:53,075 DEBUG STREAM b'IDAT' 131 65536
2024-10-20 22:27:53,085 DEBUG STREAM b'IHDR' 16 13
2024-10-20 22:27:53,086 DEBUG STREAM b'tEXt' 41 57
2024-10-20 22:27:53,086 DEBUG STREAM b'pHYs' 110 9
2024-10-20 22:27:53,086 DEBUG STREAM b'IDAT' 131 65536
2024-10-20 22:27:53,094 DEBUG STREAM b'IHDR' 16 13
2024-10-20 22:27:53,094 DEBUG STREAM b'tEXt' 41 57
2024-10-20 22:27:53,094 DEBUG STREAM b'pHYs' 110 9
2024-10-20 22:27:53,095 DEBUG STREAM b'IDAT' 131 65536
2024-10-20 22:27:53,103 DEBUG STREAM b'IHDR' 16 13
2024-10-20 22:27:53,103 DEBUG STREAM b'tEXt' 41 57
2024-10-20 22:27:53,103 DEBUG STREAM b'pHYs' 110 9
2024-10-20 22:27:53,103 DEBUG STREAM b'IDAT' 131 65536
2024-10-20 22:27:53,113 DEBUG STREAM b'IHDR' 16 13
2024-10-20 22:27:53,113 DEBUG STREAM b'tEXt' 41 57
2024-10-20 22:27:53,113 DEBUG STREAM b'pHYs' 110 9
2024-10-20 22:27:53,113 DEBUG STREAM b'IDAT' 131 65536
2024-10-20 22:27:53,122 DEBUG STREAM b'IHDR' 16 13
2024-10-20 22:27:53,122 DEBUG STREAM b'tEXt' 41 57
2024-10-20 22:27:53,122 DEBUG STREAM b'pHYs' 110 9
2024-10-20 22:27:53,122 DEBUG STREAM b'IDAT' 131 65536
2024-10-20 22:27:53,130 DEBUG STREAM b'IHDR' 16 13
2024-10-20 22:27:53,130 DEBUG STREAM b'tEXt' 41 57
2024-10-20 22:27:53,130 DEBUG STREAM b'pHYs' 110 9
2024-10-20 22:27:53,130 DEBUG STREAM b'IDAT' 131 65536
2024-10-20 22:27:53,141 DEBUG STREAM b'IHDR' 16 13
2024-10-20 22:27:53,141 DEBUG STREAM b'tEXt' 41 57
2024-10-20 22:27:53,141 DEBUG STREAM b'pHYs' 110 9
2024-10-20 22:27:53,141 DEBUG STREAM b'IDAT' 131 65536
2024-10-20 22:27:53,150 DEBUG STREAM b'IHDR' 16 13
2024-10-20 22:27:53,150 DEBUG STREAM b'tEXt' 41 57
2024-10-20 22:27:53,150 DEBUG STREAM b'pHYs' 110 9
2024-10-20 22:27:53,150 DEBUG STREAM b'IDAT' 131 65536
2024-10-20 22:27:53,158 DEBUG STREAM b'IHDR' 16 13
2024-10-20 22:27:53,158 DEBUG STREAM b'tEXt' 41 57
2024-10-20 22:27:53,158 DEBUG STREAM b'pHYs' 110 9
2024-10-20 22:27:53,158 DEBUG STREAM b'IDAT' 131 65536
2024-10-20 22:27:53,169 DEBUG STREAM b'IHDR' 16 13
2024-10-20 22:27:53,169 DEBUG STREAM b'tEXt' 41 57
2024-10-20 22:27:53,169 DEBUG STREAM b'pHYs' 110 9
2024-10-20 22:27:53,169 DEBUG STREAM b'IDAT' 131 65536
2024-10-20 22:27:53,178 DEBUG STREAM b'IHDR' 16 13
2024-10-20 22:27:53,178 DEBUG STREAM b'tEXt' 41 57
2024-10-20 22:27:53,178 DEBUG STREAM b'pHYs' 110 9
2024-10-20 22:27:53,178 DEBUG STREAM b'IDAT' 131 65536
2024-10-20 22:27:53,186 DEBUG STREAM b'IHDR' 16 13
2024-10-20 22:27:53,186 DEBUG STREAM b'tEXt' 41 57
2024-10-20 22:27:53,186 DEBUG STREAM b'pHYs' 110 9
2024-10-20 22:27:53,186 DEBUG STREAM b'IDAT' 131 65536
2024-10-20 22:27:53,195 DEBUG STREAM b'IHDR' 16 13
2024-10-20 22:27:53,195 DEBUG STREAM b'tEXt' 41 57
2024-10-20 22:27:53,195 DEBUG STREAM b'pHYs' 110 9
2024-10-20 22:27:53,195 DEBUG STREAM b'IDAT' 131 65536
2024-10-20 22:27:53,204 DEBUG STREAM b'IHDR' 16 13
2024-10-20 22:27:53,205 DEBUG STREAM b'tEXt' 41 57
2024-10-20 22:27:53,205 DEBUG STREAM b'pHYs' 110 9
2024-10-20 22:27:53,205 DEBUG STREAM b'IDAT' 131 65536
2024-10-20 22:27:53,213 DEBUG STREAM b'IHDR' 16 13
2024-10-20 22:27:53,213 DEBUG STREAM b'tEXt' 41 57
2024-10-20 22:27:53,213 DEBUG STREAM b'pHYs' 110 9
2024-10-20 22:27:53,213 DEBUG STREAM b'IDAT' 131 65536
2024-10-20 22:27:53,222 DEBUG STREAM b'IHDR' 16 13
2024-10-20 22:27:53,222 DEBUG STREAM b'tEXt' 41 57
2024-10-20 22:27:53,222 DEBUG STREAM b'pHYs' 110 9
2024-10-20 22:27:53,222 DEBUG STREAM b'IDAT' 131 65536
2024-10-20 22:27:53,230 DEBUG STREAM b'IHDR' 16 13
2024-10-20 22:27:53,230 DEBUG STREAM b'tEXt' 41 57
2024-10-20 22:27:53,231 DEBUG STREAM b'pHYs' 110 9
2024-10-20 22:27:53,231 DEBUG STREAM b'IDAT' 131 65536
2024-10-20 22:27:53,239 DEBUG STREAM b'IHDR' 16 13
2024-10-20 22:27:53,239 DEBUG STREAM b'tEXt' 41 57
2024-10-20 22:27:53,239 DEBUG STREAM b'pHYs' 110 9
2024-10-20 22:27:53,239 DEBUG STREAM b'IDAT' 131 65536
2024-10-20 22:27:53,250 DEBUG STREAM b'IHDR' 16 13
2024-10-20 22:27:53,250 DEBUG STREAM b'tEXt' 41 57
2024-10-20 22:27:53,250 DEBUG STREAM b'pHYs' 110 9
2024-10-20 22:27:53,250 DEBUG STREAM b'IDAT' 131 65536
2024-10-20 22:27:53,260 DEBUG STREAM b'IHDR' 16 13
2024-10-20 22:27:53,260 DEBUG STREAM b'tEXt' 41 57
2024-10-20 22:27:53,260 DEBUG STREAM b'pHYs' 110 9
2024-10-20 22:27:53,260 DEBUG STREAM b'IDAT' 131 65536
2024-10-20 22:27:53,269 DEBUG STREAM b'IHDR' 16 13
2024-10-20 22:27:53,269 DEBUG STREAM b'tEXt' 41 57
2024-10-20 22:27:53,269 DEBUG STREAM b'pHYs' 110 9
2024-10-20 22:27:53,269 DEBUG STREAM b'IDAT' 131 65536
2024-10-20 22:27:53,278 DEBUG STREAM b'IHDR' 16 13
2024-10-20 22:27:53,278 DEBUG STREAM b'tEXt' 41 57
2024-10-20 22:27:53,278 DEBUG STREAM b'pHYs' 110 9
2024-10-20 22:27:53,279 DEBUG STREAM b'IDAT' 131 65536
2024-10-20 22:27:53,287 DEBUG STREAM b'IHDR' 16 13
2024-10-20 22:27:53,287 DEBUG STREAM b'tEXt' 41 57
2024-10-20 22:27:53,287 DEBUG STREAM b'pHYs' 110 9
2024-10-20 22:27:53,287 DEBUG STREAM b'IDAT' 131 65536
2024-10-20 22:27:53,297 DEBUG STREAM b'IHDR' 16 13
2024-10-20 22:27:53,298 DEBUG STREAM b'tEXt' 41 57
2024-10-20 22:27:53,298 DEBUG STREAM b'pHYs' 110 9
2024-10-20 22:27:53,298 DEBUG STREAM b'IDAT' 131 65536
2024-10-20 22:27:53,308 DEBUG STREAM b'IHDR' 16 13
2024-10-20 22:27:53,308 DEBUG STREAM b'tEXt' 41 57
2024-10-20 22:27:53,308 DEBUG STREAM b'pHYs' 110 9
2024-10-20 22:27:53,308 DEBUG STREAM b'IDAT' 131 65536
2024-10-20 22:27:53,317 DEBUG STREAM b'IHDR' 16 13
2024-10-20 22:27:53,317 DEBUG STREAM b'tEXt' 41 57
2024-10-20 22:27:53,317 DEBUG STREAM b'pHYs' 110 9
2024-10-20 22:27:53,317 DEBUG STREAM b'IDAT' 131 65536
2024-10-20 22:27:53,325 DEBUG STREAM b'IHDR' 16 13
2024-10-20 22:27:53,325 DEBUG STREAM b'tEXt' 41 57
2024-10-20 22:27:53,325 DEBUG STREAM b'pHYs' 110 9
2024-10-20 22:27:53,325 DEBUG STREAM b'IDAT' 131 65536
2024-10-20 22:27:53,336 DEBUG STREAM b'IHDR' 16 13
2024-10-20 22:27:53,336 DEBUG STREAM b'tEXt' 41 57
2024-10-20 22:27:53,336 DEBUG STREAM b'pHYs' 110 9
2024-10-20 22:27:53,336 DEBUG STREAM b'IDAT' 131 65536
2024-10-20 22:27:53,345 DEBUG STREAM b'IHDR' 16 13
2024-10-20 22:27:53,345 DEBUG STREAM b'tEXt' 41 57
2024-10-20 22:27:53,345 DEBUG STREAM b'pHYs' 110 9
2024-10-20 22:27:53,345 DEBUG STREAM b'IDAT' 131 65536
2024-10-20 22:27:53,354 DEBUG STREAM b'IHDR' 16 13
2024-10-20 22:27:53,354 DEBUG STREAM b'tEXt' 41 57
2024-10-20 22:27:53,354 DEBUG STREAM b'pHYs' 110 9
2024-10-20 22:27:53,354 DEBUG STREAM b'IDAT' 131 65536
2024-10-20 22:27:53,363 DEBUG STREAM b'IHDR' 16 13
2024-10-20 22:27:53,363 DEBUG STREAM b'tEXt' 41 57
2024-10-20 22:27:53,363 DEBUG STREAM b'pHYs' 110 9
2024-10-20 22:27:53,363 DEBUG STREAM b'IDAT' 131 65536
2024-10-20 22:27:53,372 DEBUG STREAM b'IHDR' 16 13
2024-10-20 22:27:53,372 DEBUG STREAM b'tEXt' 41 57
2024-10-20 22:27:53,372 DEBUG STREAM b'pHYs' 110 9
2024-10-20 22:27:53,372 DEBUG STREAM b'IDAT' 131 65536
2024-10-20 22:27:53,380 DEBUG STREAM b'IHDR' 16 13
2024-10-20 22:27:53,380 DEBUG STREAM b'tEXt' 41 57
2024-10-20 22:27:53,380 DEBUG STREAM b'pHYs' 110 9
2024-10-20 22:27:53,381 DEBUG STREAM b'IDAT' 131 65536
2024-10-20 22:27:53,391 DEBUG STREAM b'IHDR' 16 13
2024-10-20 22:27:53,391 DEBUG STREAM b'tEXt' 41 57
2024-10-20 22:27:53,391 DEBUG STREAM b'pHYs' 110 9
2024-10-20 22:27:53,391 DEBUG STREAM b'IDAT' 131 65536
2024-10-20 22:27:53,400 DEBUG STREAM b'IHDR' 16 13
2024-10-20 22:27:53,400 DEBUG STREAM b'tEXt' 41 57
2024-10-20 22:27:53,400 DEBUG STREAM b'pHYs' 110 9
2024-10-20 22:27:53,400 DEBUG STREAM b'IDAT' 131 65536
2024-10-20 22:27:53,409 DEBUG STREAM b'IHDR' 16 13
2024-10-20 22:27:53,409 DEBUG STREAM b'tEXt' 41 57
2024-10-20 22:27:53,409 DEBUG STREAM b'pHYs' 110 9
2024-10-20 22:27:53,409 DEBUG STREAM b'IDAT' 131 65536
2024-10-20 22:27:53,418 DEBUG STREAM b'IHDR' 16 13
2024-10-20 22:27:53,418 DEBUG STREAM b'tEXt' 41 57
2024-10-20 22:27:53,418 DEBUG STREAM b'pHYs' 110 9
2024-10-20 22:27:53,418 DEBUG STREAM b'IDAT' 131 65536
2024-10-20 22:27:53,427 DEBUG STREAM b'IHDR' 16 13
2024-10-20 22:27:53,427 DEBUG STREAM b'tEXt' 41 57
2024-10-20 22:27:53,427 DEBUG STREAM b'pHYs' 110 9
2024-10-20 22:27:53,427 DEBUG STREAM b'IDAT' 131 65536
2024-10-20 22:27:53,436 DEBUG STREAM b'IHDR' 16 13
2024-10-20 22:27:53,436 DEBUG STREAM b'tEXt' 41 57
2024-10-20 22:27:53,436 DEBUG STREAM b'pHYs' 110 9
2024-10-20 22:27:53,436 DEBUG STREAM b'IDAT' 131 65536
2024-10-20 22:27:53,447 DEBUG STREAM b'IHDR' 16 13
2024-10-20 22:27:53,447 DEBUG STREAM b'tEXt' 41 57
2024-10-20 22:27:53,447 DEBUG STREAM b'pHYs' 110 9
2024-10-20 22:27:53,447 DEBUG STREAM b'IDAT' 131 65536
2024-10-20 22:27:53,456 DEBUG STREAM b'IHDR' 16 13
2024-10-20 22:27:53,456 DEBUG STREAM b'tEXt' 41 57
2024-10-20 22:27:53,456 DEBUG STREAM b'pHYs' 110 9
2024-10-20 22:27:53,456 DEBUG STREAM b'IDAT' 131 65536
2024-10-20 22:27:53,466 DEBUG STREAM b'IHDR' 16 13
2024-10-20 22:27:53,466 DEBUG STREAM b'tEXt' 41 57
2024-10-20 22:27:53,466 DEBUG STREAM b'pHYs' 110 9
2024-10-20 22:27:53,466 DEBUG STREAM b'IDAT' 131 65536
2024-10-20 22:27:53,475 DEBUG STREAM b'IHDR' 16 13
2024-10-20 22:27:53,475 DEBUG STREAM b'tEXt' 41 57
2024-10-20 22:27:53,475 DEBUG STREAM b'pHYs' 110 9
2024-10-20 22:27:53,475 DEBUG STREAM b'IDAT' 131 65536
2024-10-20 22:27:53,483 DEBUG STREAM b'IHDR' 16 13
2024-10-20 22:27:53,483 DEBUG STREAM b'tEXt' 41 57
2024-10-20 22:27:53,483 DEBUG STREAM b'pHYs' 110 9
2024-10-20 22:27:53,484 DEBUG STREAM b'IDAT' 131 65536
2024-10-20 22:27:53,492 DEBUG STREAM b'IHDR' 16 13
2024-10-20 22:27:53,492 DEBUG STREAM b'tEXt' 41 57
2024-10-20 22:27:53,492 DEBUG STREAM b'pHYs' 110 9
2024-10-20 22:27:53,492 DEBUG STREAM b'IDAT' 131 65536
2024-10-20 22:27:53,501 DEBUG STREAM b'IHDR' 16 13
2024-10-20 22:27:53,501 DEBUG STREAM b'tEXt' 41 57
2024-10-20 22:27:53,501 DEBUG STREAM b'pHYs' 110 9
2024-10-20 22:27:53,501 DEBUG STREAM b'IDAT' 131 65536
2024-10-20 22:27:53,511 DEBUG STREAM b'IHDR' 16 13
2024-10-20 22:27:53,512 DEBUG STREAM b'tEXt' 41 57
2024-10-20 22:27:53,512 DEBUG STREAM b'pHYs' 110 9
2024-10-20 22:27:53,512 DEBUG STREAM b'IDAT' 131 65536
2024-10-20 22:27:53,521 DEBUG STREAM b'IHDR' 16 13
2024-10-20 22:27:53,521 DEBUG STREAM b'tEXt' 41 57
2024-10-20 22:27:53,521 DEBUG STREAM b'pHYs' 110 9
2024-10-20 22:27:53,521 DEBUG STREAM b'IDAT' 131 65536
2024-10-20 22:27:53,529 DEBUG STREAM b'IHDR' 16 13
2024-10-20 22:27:53,529 DEBUG STREAM b'tEXt' 41 57
2024-10-20 22:27:53,529 DEBUG STREAM b'pHYs' 110 9
2024-10-20 22:27:53,529 DEBUG STREAM b'IDAT' 131 65536
2024-10-20 22:27:53,538 DEBUG STREAM b'IHDR' 16 13
2024-10-20 22:27:53,538 DEBUG STREAM b'tEXt' 41 57
2024-10-20 22:27:53,538 DEBUG STREAM b'pHYs' 110 9
2024-10-20 22:27:53,538 DEBUG STREAM b'IDAT' 131 65536
2024-10-20 22:27:53,547 DEBUG STREAM b'IHDR' 16 13
2024-10-20 22:27:53,547 DEBUG STREAM b'tEXt' 41 57
2024-10-20 22:27:53,547 DEBUG STREAM b'pHYs' 110 9
2024-10-20 22:27:53,547 DEBUG STREAM b'IDAT' 131 65536
2024-10-20 22:27:53,556 DEBUG STREAM b'IHDR' 16 13
2024-10-20 22:27:53,556 DEBUG STREAM b'tEXt' 41 57
2024-10-20 22:27:53,556 DEBUG STREAM b'pHYs' 110 9
2024-10-20 22:27:53,556 DEBUG STREAM b'IDAT' 131 65536
2024-10-20 22:27:53,567 DEBUG STREAM b'IHDR' 16 13
2024-10-20 22:27:53,567 DEBUG STREAM b'tEXt' 41 57
2024-10-20 22:27:53,568 DEBUG STREAM b'pHYs' 110 9
2024-10-20 22:27:53,568 DEBUG STREAM b'IDAT' 131 65536
2024-10-20 22:27:53,578 DEBUG STREAM b'IHDR' 16 13
2024-10-20 22:27:53,578 DEBUG STREAM b'tEXt' 41 57
2024-10-20 22:27:53,578 DEBUG STREAM b'pHYs' 110 9
2024-10-20 22:27:53,578 DEBUG STREAM b'IDAT' 131 65536
2024-10-20 22:27:53,587 DEBUG STREAM b'IHDR' 16 13
2024-10-20 22:27:53,587 DEBUG STREAM b'tEXt' 41 57
2024-10-20 22:27:53,587 DEBUG STREAM b'pHYs' 110 9
2024-10-20 22:27:53,587 DEBUG STREAM b'IDAT' 131 65536
2024-10-20 22:27:53,596 DEBUG STREAM b'IHDR' 16 13
2024-10-20 22:27:53,596 DEBUG STREAM b'tEXt' 41 57
2024-10-20 22:27:53,596 DEBUG STREAM b'pHYs' 110 9
2024-10-20 22:27:53,596 DEBUG STREAM b'IDAT' 131 65536
2024-10-20 22:27:53,605 DEBUG STREAM b'IHDR' 16 13
2024-10-20 22:27:53,605 DEBUG STREAM b'tEXt' 41 57
2024-10-20 22:27:53,605 DEBUG STREAM b'pHYs' 110 9
2024-10-20 22:27:53,605 DEBUG STREAM b'IDAT' 131 51337
2024-10-20 22:27:53,614 DEBUG STREAM b'IHDR' 16 13
2024-10-20 22:27:53,614 DEBUG STREAM b'tEXt' 41 57
2024-10-20 22:27:53,614 DEBUG STREAM b'pHYs' 110 9
2024-10-20 22:27:53,614 DEBUG STREAM b'IDAT' 131 65536
2024-10-20 22:27:53,622 DEBUG STREAM b'IHDR' 16 13
2024-10-20 22:27:53,622 DEBUG STREAM b'tEXt' 41 57
2024-10-20 22:27:53,623 DEBUG STREAM b'pHYs' 110 9
2024-10-20 22:27:53,623 DEBUG STREAM b'IDAT' 131 65536
2024-10-20 22:27:53,631 DEBUG STREAM b'IHDR' 16 13
2024-10-20 22:27:53,631 DEBUG STREAM b'tEXt' 41 57
2024-10-20 22:27:53,632 DEBUG STREAM b'pHYs' 110 9
2024-10-20 22:27:53,632 DEBUG STREAM b'IDAT' 131 65536
2024-10-20 22:27:53,640 DEBUG STREAM b'IHDR' 16 13
2024-10-20 22:27:53,640 DEBUG STREAM b'tEXt' 41 57
2024-10-20 22:27:53,640 DEBUG STREAM b'pHYs' 110 9
2024-10-20 22:27:53,640 DEBUG STREAM b'IDAT' 131 65536
2024-10-20 22:27:53,649 DEBUG STREAM b'IHDR' 16 13
2024-10-20 22:27:53,649 DEBUG STREAM b'tEXt' 41 57
2024-10-20 22:27:53,649 DEBUG STREAM b'pHYs' 110 9
2024-10-20 22:27:53,649 DEBUG STREAM b'IDAT' 131 65536
2024-10-20 22:27:53,658 DEBUG STREAM b'IHDR' 16 13
2024-10-20 22:27:53,658 DEBUG STREAM b'tEXt' 41 57
2024-10-20 22:27:53,658 DEBUG STREAM b'pHYs' 110 9
2024-10-20 22:27:53,658 DEBUG STREAM b'IDAT' 131 65536
2024-10-20 22:27:53,666 DEBUG STREAM b'IHDR' 16 13
2024-10-20 22:27:53,667 DEBUG STREAM b'tEXt' 41 57
2024-10-20 22:27:53,667 DEBUG STREAM b'pHYs' 110 9
2024-10-20 22:27:53,667 DEBUG STREAM b'IDAT' 131 65536
2024-10-20 22:27:53,675 DEBUG STREAM b'IHDR' 16 13
2024-10-20 22:27:53,675 DEBUG STREAM b'tEXt' 41 57
2024-10-20 22:27:53,675 DEBUG STREAM b'pHYs' 110 9
2024-10-20 22:27:53,675 DEBUG STREAM b'IDAT' 131 65536
2024-10-20 22:27:53,685 DEBUG STREAM b'IHDR' 16 13
2024-10-20 22:27:53,685 DEBUG STREAM b'tEXt' 41 57
2024-10-20 22:27:53,685 DEBUG STREAM b'pHYs' 110 9
2024-10-20 22:27:53,685 DEBUG STREAM b'IDAT' 131 65536
2024-10-20 22:27:53,694 DEBUG STREAM b'IHDR' 16 13
2024-10-20 22:27:53,694 DEBUG STREAM b'tEXt' 41 57
2024-10-20 22:27:53,694 DEBUG STREAM b'pHYs' 110 9
2024-10-20 22:27:53,694 DEBUG STREAM b'IDAT' 131 65536
2024-10-20 22:27:53,703 DEBUG STREAM b'IHDR' 16 13
2024-10-20 22:27:53,703 DEBUG STREAM b'tEXt' 41 57
2024-10-20 22:27:53,703 DEBUG STREAM b'pHYs' 110 9
2024-10-20 22:27:53,703 DEBUG STREAM b'IDAT' 131 65536
2024-10-20 22:27:53,711 DEBUG STREAM b'IHDR' 16 13
2024-10-20 22:27:53,712 DEBUG STREAM b'tEXt' 41 57
2024-10-20 22:27:53,712 DEBUG STREAM b'pHYs' 110 9
2024-10-20 22:27:53,712 DEBUG STREAM b'IDAT' 131 65536
